2026-06-13 02:20:59,661 [INFO] main: Avvio Pullback EMA Trend Strategy V1.0 | watchlist=20 asset | scan_interval=15min
2026-06-13 02:20:59,668 [INFO] main: Verifica bootstrap storico (solo se necessario)...
2026-06-13 02:20:59,668 [INFO] signal_engine: Bootstrap in corso: BTC_USDT 4h ...
2026-06-13 02:21:00,053 [INFO] exchange: Bootstrap completato per BTC_USDT 4h: 300 candele raccolte (target=300)
2026-06-13 02:21:00,055 [INFO] signal_engine: Bootstrap in corso: BTC_USDT 1h ...
2026-06-13 02:21:00,358 [INFO] exchange: Bootstrap completato per BTC_USDT 1h: 300 candele raccolte (target=300)
2026-06-13 02:21:00,464 [INFO] signal_engine: Bootstrap in corso: ETH_USDT 4h ...
2026-06-13 02:21:00,728 [INFO] exchange: Bootstrap completato per ETH_USDT 4h: 300 candele raccolte (target=300)
2026-06-13 02:21:00,730 [INFO] signal_engine: Bootstrap in corso: ETH_USDT 1h ...
2026-06-13 02:21:01,004 [INFO] exchange: Bootstrap completato per ETH_USDT 1h: 300 candele raccolte (target=300)
2026-06-13 02:21:01,006 [INFO] signal_engine: Bootstrap in corso: SOL_USDT 4h ...
2026-06-13 02:21:01,246 [INFO] exchange: Bootstrap completato per SOL_USDT 4h: 300 candele raccolte (target=300)
2026-06-13 02:21:01,248 [INFO] signal_engine: Bootstrap in corso: SOL_USDT 1h ...
2026-06-13 02:21:01,483 [INFO] exchange: Bootstrap completato per SOL_USDT 1h: 300 candele raccolte (target=300)
2026-06-13 02:21:01,485 [INFO] signal_engine: Bootstrap in corso: BNB_USDT 4h ...
2026-06-13 02:21:01,733 [WARNING] signal_engine: Bootstrap fallito per BNB_USDT 4h, asset SKIPPATO (probabilmente non listato sull'exchange): 400 Client Error: Bad Request for url: https://api.crypto.com/exchange/v1/public/get-candlestick?instrument_name=BNB_USDT&timeframe=4h&count=300
2026-06-13 02:21:01,735 [INFO] signal_engine: Bootstrap in corso: BNB_USDT 1h ...
2026-06-13 02:21:01,997 [WARNING] signal_engine: Bootstrap fallito per BNB_USDT 1h, asset SKIPPATO (probabilmente non listato sull'exchange): 400 Client Error: Bad Request for url: https://api.crypto.com/exchange/v1/public/get-candlestick?instrument_name=BNB_USDT&timeframe=1h&count=300
2026-06-13 02:21:01,998 [INFO] signal_engine: Bootstrap in corso: LINK_USDT 4h ...
2026-06-13 02:21:02,247 [INFO] exchange: Bootstrap completato per LINK_USDT 4h: 300 candele raccolte (target=300)
2026-06-13 02:21:02,249 [INFO] signal_engine: Bootstrap in corso: LINK_USDT 1h ...
2026-06-13 02:21:02,489 [INFO] exchange: Bootstrap completato per LINK_USDT 1h: 300 candele raccolte (target=300)
2026-06-13 02:21:02,491 [INFO] signal_engine: Bootstrap in corso: AVAX_USDT 4h ...
2026-06-13 02:21:02,772 [INFO] exchange: Bootstrap completato per AVAX_USDT 4h: 300 candele raccolte (target=300)
2026-06-13 02:21:02,774 [INFO] signal_engine: Bootstrap in corso: AVAX_USDT 1h ...
2026-06-13 02:21:03,040 [INFO] exchange: Bootstrap completato per AVAX_USDT 1h: 300 candele raccolte (target=300)
2026-06-13 02:21:03,043 [INFO] signal_engine: Bootstrap in corso: ADA_USDT 4h ...
2026-06-13 02:21:03,294 [INFO] exchange: Bootstrap completato per ADA_USDT 4h: 300 candele raccolte (target=300)
2026-06-13 02:21:03,296 [INFO] signal_engine: Bootstrap in corso: ADA_USDT 1h ...
2026-06-13 02:21:03,562 [INFO] exchange: Bootstrap completato per ADA_USDT 1h: 300 candele raccolte (target=300)
2026-06-13 02:21:03,565 [INFO] signal_engine: Bootstrap in corso: XRP_USDT 4h ...
2026-06-13 02:21:03,877 [INFO] exchange: Bootstrap completato per XRP_USDT 4h: 300 candele raccolte (target=300)
2026-06-13 02:21:03,879 [INFO] signal_engine: Bootstrap in corso: XRP_USDT 1h ...
2026-06-13 02:21:04,135 [INFO] exchange: Bootstrap completato per XRP_USDT 1h: 300 candele raccolte (target=300)
2026-06-13 02:21:04,137 [INFO] signal_engine: Bootstrap in corso: DOGE_USDT 4h ...
2026-06-13 02:21:04,393 [INFO] exchange: Bootstrap completato per DOGE_USDT 4h: 300 candele raccolte (target=300)
2026-06-13 02:21:04,395 [INFO] signal_engine: Bootstrap in corso: DOGE_USDT 1h ...
2026-06-13 02:21:04,731 [INFO] exchange: Bootstrap completato per DOGE_USDT 1h: 300 candele raccolte (target=300)
2026-06-13 02:21:04,733 [INFO] signal_engine: Bootstrap in corso: TON_USDT 4h ...
2026-06-13 02:21:04,982 [INFO] exchange: Bootstrap completato per TON_USDT 4h: 300 candele raccolte (target=300)
2026-06-13 02:21:04,986 [INFO] signal_engine: Bootstrap in corso: TON_USDT 1h ...
2026-06-13 02:21:05,250 [INFO] exchange: Bootstrap completato per TON_USDT 1h: 300 candele raccolte (target=300)
2026-06-13 02:21:05,252 [INFO] signal_engine: Bootstrap in corso: SUI_USDT 4h ...
2026-06-13 02:21:05,510 [INFO] exchange: Bootstrap completato per SUI_USDT 4h: 300 candele raccolte (target=300)
2026-06-13 02:21:05,512 [INFO] signal_engine: Bootstrap in corso: SUI_USDT 1h ...
2026-06-13 02:21:05,783 [INFO] exchange: Bootstrap completato per SUI_USDT 1h: 300 candele raccolte (target=300)
2026-06-13 02:21:05,785 [INFO] signal_engine: Bootstrap in corso: NEAR_USDT 4h ...
2026-06-13 02:21:06,050 [INFO] exchange: Bootstrap completato per NEAR_USDT 4h: 300 candele raccolte (target=300)
2026-06-13 02:21:06,053 [INFO] signal_engine: Bootstrap in corso: NEAR_USDT 1h ...
2026-06-13 02:21:06,318 [INFO] exchange: Bootstrap completato per NEAR_USDT 1h: 300 candele raccolte (target=300)
2026-06-13 02:21:06,320 [INFO] signal_engine: Bootstrap in corso: LTC_USDT 4h ...
2026-06-13 02:21:06,554 [INFO] exchange: Bootstrap completato per LTC_USDT 4h: 300 candele raccolte (target=300)
2026-06-13 02:21:06,557 [INFO] signal_engine: Bootstrap in corso: LTC_USDT 1h ...
2026-06-13 02:21:06,834 [INFO] exchange: Bootstrap completato per LTC_USDT 1h: 300 candele raccolte (target=300)
2026-06-13 02:21:06,837 [INFO] signal_engine: Bootstrap in corso: DOT_USDT 4h ...
2026-06-13 02:21:07,090 [INFO] exchange: Bootstrap completato per DOT_USDT 4h: 300 candele raccolte (target=300)
2026-06-13 02:21:07,093 [INFO] signal_engine: Bootstrap in corso: DOT_USDT 1h ...
2026-06-13 02:21:07,378 [INFO] exchange: Bootstrap completato per DOT_USDT 1h: 300 candele raccolte (target=300)
2026-06-13 02:21:07,380 [INFO] signal_engine: Bootstrap in corso: ATOM_USDT 4h ...
2026-06-13 02:21:07,648 [INFO] exchange: Bootstrap completato per ATOM_USDT 4h: 300 candele raccolte (target=300)
2026-06-13 02:21:07,651 [INFO] signal_engine: Bootstrap in corso: ATOM_USDT 1h ...
2026-06-13 02:21:07,894 [INFO] exchange: Bootstrap completato per ATOM_USDT 1h: 300 candele raccolte (target=300)
2026-06-13 02:21:07,897 [INFO] signal_engine: Bootstrap in corso: APT_USDT 4h ...
2026-06-13 02:21:08,200 [INFO] exchange: Bootstrap completato per APT_USDT 4h: 300 candele raccolte (target=300)
2026-06-13 02:21:08,202 [INFO] signal_engine: Bootstrap in corso: APT_USDT 1h ...
2026-06-13 02:21:08,463 [INFO] exchange: Bootstrap completato per APT_USDT 1h: 300 candele raccolte (target=300)
2026-06-13 02:21:08,465 [INFO] signal_engine: Bootstrap in corso: ARB_USDT 4h ...
2026-06-13 02:21:08,746 [INFO] exchange: Bootstrap completato per ARB_USDT 4h: 300 candele raccolte (target=300)
2026-06-13 02:21:08,748 [INFO] signal_engine: Bootstrap in corso: ARB_USDT 1h ...
2026-06-13 02:21:09,021 [INFO] exchange: Bootstrap completato per ARB_USDT 1h: 300 candele raccolte (target=300)
2026-06-13 02:21:09,023 [INFO] signal_engine: Bootstrap in corso: OP_USDT 4h ...
2026-06-13 02:21:09,266 [INFO] exchange: Bootstrap completato per OP_USDT 4h: 300 candele raccolte (target=300)
2026-06-13 02:21:09,268 [INFO] signal_engine: Bootstrap in corso: OP_USDT 1h ...
2026-06-13 02:21:09,515 [INFO] exchange: Bootstrap completato per OP_USDT 1h: 300 candele raccolte (target=300)
2026-06-13 02:21:09,517 [INFO] signal_engine: Bootstrap in corso: BCH_USDT 4h ...
2026-06-13 02:21:09,763 [INFO] exchange: Bootstrap completato per BCH_USDT 4h: 300 candele raccolte (target=300)
2026-06-13 02:21:09,765 [INFO] signal_engine: Bootstrap in corso: BCH_USDT 1h ...
2026-06-13 02:21:10,015 [INFO] exchange: Bootstrap completato per BCH_USDT 1h: 300 candele raccolte (target=300)
2026-06-13 02:21:10,018 [INFO] signal_engine: Bootstrap in corso: ETC_USDT 4h ...
2026-06-13 02:21:10,407 [INFO] exchange: Bootstrap completato per ETC_USDT 4h: 300 candele raccolte (target=300)
2026-06-13 02:21:10,409 [INFO] signal_engine: Bootstrap in corso: ETC_USDT 1h ...
2026-06-13 02:21:10,713 [INFO] exchange: Bootstrap completato per ETC_USDT 1h: 300 candele raccolte (target=300)
2026-06-13 02:21:10,716 [INFO] main: Bootstrap completato.
2026-06-13 02:21:10,716 [INFO] main: --- Inizio ciclo di scansione ---
2026-06-13 02:21:17,078 [WARNING] signal_engine: Update candele fallito per BNB_USDT, asset SKIPPATO: 400 Client Error: Bad Request for url: https://api.crypto.com/exchange/v1/public/get-candlestick?instrument_name=BNB_USDT&timeframe=4h&count=300
2026-06-13 02:21:50,271 [INFO] main: --- Fine ciclo di scansione ---
2026-06-13 06:34:34,309 [INFO] main: Avvio Pullback EMA Trend Strategy V1.0 | watchlist=20 asset | scan_interval=15min
2026-06-13 06:34:34,310 [INFO] main: Verifica bootstrap storico (solo se necessario)...
2026-06-13 06:34:34,310 [INFO] signal_engine: Bootstrap skip per BTC_USDT 4h (300 candele in cache)
2026-06-13 06:34:34,310 [INFO] signal_engine: Bootstrap skip per BTC_USDT 1h (300 candele in cache)
2026-06-13 06:34:34,310 [INFO] signal_engine: Bootstrap skip per ETH_USDT 4h (300 candele in cache)
2026-06-13 06:34:34,310 [INFO] signal_engine: Bootstrap skip per ETH_USDT 1h (300 candele in cache)
2026-06-13 06:34:34,310 [INFO] signal_engine: Bootstrap skip per SOL_USDT 4h (300 candele in cache)
2026-06-13 06:34:34,310 [INFO] signal_engine: Bootstrap skip per SOL_USDT 1h (300 candele in cache)
2026-06-13 06:34:34,310 [INFO] signal_engine: Bootstrap in corso: BNB_USDT 4h ...
2026-06-13 06:34:35,180 [WARNING] signal_engine: Bootstrap fallito per BNB_USDT 4h, asset SKIPPATO (probabilmente non listato sull'exchange): 400 Client Error: Bad Request for url: https://api.crypto.com/exchange/v1/public/get-candlestick?instrument_name=BNB_USDT&timeframe=4h&count=300
2026-06-13 06:34:35,181 [INFO] signal_engine: Bootstrap in corso: BNB_USDT 1h ...
2026-06-13 06:34:35,440 [WARNING] signal_engine: Bootstrap fallito per BNB_USDT 1h, asset SKIPPATO (probabilmente non listato sull'exchange): 400 Client Error: Bad Request for url: https://api.crypto.com/exchange/v1/public/get-candlestick?instrument_name=BNB_USDT&timeframe=1h&count=300
2026-06-13 06:34:35,441 [INFO] signal_engine: Bootstrap skip per LINK_USDT 4h (300 candele in cache)
2026-06-13 06:34:35,441 [INFO] signal_engine: Bootstrap skip per LINK_USDT 1h (300 candele in cache)
2026-06-13 06:34:35,441 [INFO] signal_engine: Bootstrap skip per AVAX_USDT 4h (300 candele in cache)
2026-06-13 06:34:35,442 [INFO] signal_engine: Bootstrap skip per AVAX_USDT 1h (300 candele in cache)
2026-06-13 06:34:35,442 [INFO] signal_engine: Bootstrap skip per ADA_USDT 4h (300 candele in cache)
2026-06-13 06:34:35,442 [INFO] signal_engine: Bootstrap skip per ADA_USDT 1h (300 candele in cache)
2026-06-13 06:34:35,442 [INFO] signal_engine: Bootstrap skip per XRP_USDT 4h (300 candele in cache)
2026-06-13 06:34:35,442 [INFO] signal_engine: Bootstrap skip per XRP_USDT 1h (300 candele in cache)
2026-06-13 06:34:35,442 [INFO] signal_engine: Bootstrap skip per DOGE_USDT 4h (300 candele in cache)
2026-06-13 06:34:35,442 [INFO] signal_engine: Bootstrap skip per DOGE_USDT 1h (300 candele in cache)
2026-06-13 06:34:35,442 [INFO] signal_engine: Bootstrap skip per TON_USDT 4h (300 candele in cache)
2026-06-13 06:34:35,442 [INFO] signal_engine: Bootstrap skip per TON_USDT 1h (300 candele in cache)
2026-06-13 06:34:35,442 [INFO] signal_engine: Bootstrap skip per SUI_USDT 4h (300 candele in cache)
2026-06-13 06:34:35,442 [INFO] signal_engine: Bootstrap skip per SUI_USDT 1h (300 candele in cache)
2026-06-13 06:34:35,442 [INFO] signal_engine: Bootstrap skip per NEAR_USDT 4h (300 candele in cache)
2026-06-13 06:34:35,443 [INFO] signal_engine: Bootstrap skip per NEAR_USDT 1h (300 candele in cache)
2026-06-13 06:34:35,443 [INFO] signal_engine: Bootstrap skip per LTC_USDT 4h (300 candele in cache)
2026-06-13 06:34:35,443 [INFO] signal_engine: Bootstrap skip per LTC_USDT 1h (300 candele in cache)
2026-06-13 06:34:35,443 [INFO] signal_engine: Bootstrap skip per DOT_USDT 4h (300 candele in cache)
2026-06-13 06:34:35,443 [INFO] signal_engine: Bootstrap skip per DOT_USDT 1h (300 candele in cache)
2026-06-13 06:34:35,443 [INFO] signal_engine: Bootstrap skip per ATOM_USDT 4h (300 candele in cache)
2026-06-13 06:34:35,443 [INFO] signal_engine: Bootstrap skip per ATOM_USDT 1h (300 candele in cache)
2026-06-13 06:34:35,443 [INFO] signal_engine: Bootstrap skip per APT_USDT 4h (300 candele in cache)
2026-06-13 06:34:35,443 [INFO] signal_engine: Bootstrap skip per APT_USDT 1h (300 candele in cache)
2026-06-13 06:34:35,443 [INFO] signal_engine: Bootstrap skip per ARB_USDT 4h (300 candele in cache)
2026-06-13 06:34:35,443 [INFO] signal_engine: Bootstrap skip per ARB_USDT 1h (300 candele in cache)
2026-06-13 06:34:35,443 [INFO] signal_engine: Bootstrap skip per OP_USDT 4h (300 candele in cache)
2026-06-13 06:34:35,444 [INFO] signal_engine: Bootstrap skip per OP_USDT 1h (300 candele in cache)
2026-06-13 06:34:35,444 [INFO] signal_engine: Bootstrap skip per BCH_USDT 4h (300 candele in cache)
2026-06-13 06:34:35,444 [INFO] signal_engine: Bootstrap skip per BCH_USDT 1h (300 candele in cache)
2026-06-13 06:34:35,444 [INFO] signal_engine: Bootstrap skip per ETC_USDT 4h (300 candele in cache)
2026-06-13 06:34:35,444 [INFO] signal_engine: Bootstrap skip per ETC_USDT 1h (300 candele in cache)
2026-06-13 06:34:35,444 [INFO] main: Bootstrap completato.
2026-06-13 06:34:35,444 [INFO] main: --- Inizio ciclo di scansione ---
2026-06-13 06:34:37,494 [INFO] signal_engine: Nuova candela H1 per BTC_USDT: 4 nuove candele
2026-06-13 06:34:39,905 [INFO] signal_engine: Nuova candela H1 per ETH_USDT: 4 nuove candele
2026-06-13 06:34:42,030 [INFO] signal_engine: Nuova candela H1 per SOL_USDT: 4 nuove candele
2026-06-13 06:34:42,306 [WARNING] signal_engine: Update candele fallito per BNB_USDT, asset SKIPPATO: 400 Client Error: Bad Request for url: https://api.crypto.com/exchange/v1/public/get-candlestick?instrument_name=BNB_USDT&timeframe=4h&count=300
2026-06-13 06:34:44,403 [INFO] signal_engine: Nuova candela H1 per LINK_USDT: 4 nuove candele
2026-06-13 06:34:46,480 [INFO] signal_engine: Nuova candela H1 per AVAX_USDT: 4 nuove candele
2026-06-13 06:34:48,553 [INFO] signal_engine: Nuova candela H1 per ADA_USDT: 4 nuove candele
2026-06-13 06:34:50,608 [INFO] signal_engine: Nuova candela H1 per XRP_USDT: 4 nuove candele
2026-06-13 06:34:52,685 [INFO] signal_engine: Nuova candela H1 per DOGE_USDT: 4 nuove candele
2026-06-13 06:34:54,747 [INFO] signal_engine: Nuova candela H1 per TON_USDT: 4 nuove candele
2026-06-13 06:34:56,850 [INFO] signal_engine: Nuova candela H1 per SUI_USDT: 4 nuove candele
2026-06-13 06:34:58,966 [INFO] signal_engine: Nuova candela H1 per NEAR_USDT: 4 nuove candele
2026-06-13 06:35:01,047 [INFO] signal_engine: Nuova candela H1 per LTC_USDT: 4 nuove candele
2026-06-13 06:35:03,165 [INFO] signal_engine: Nuova candela H1 per DOT_USDT: 4 nuove candele
2026-06-13 06:35:05,274 [INFO] signal_engine: Nuova candela H1 per ATOM_USDT: 4 nuove candele
2026-06-13 06:35:07,353 [INFO] signal_engine: Nuova candela H1 per APT_USDT: 4 nuove candele
2026-06-13 06:35:09,648 [INFO] signal_engine: Nuova candela H1 per ARB_USDT: 4 nuove candele
2026-06-13 06:35:11,724 [INFO] signal_engine: Nuova candela H1 per OP_USDT: 4 nuove candele
2026-06-13 06:35:13,823 [INFO] signal_engine: Nuova candela H1 per BCH_USDT: 4 nuove candele
2026-06-13 06:35:16,270 [INFO] signal_engine: Nuova candela H1 per ETC_USDT: 4 nuove candele
2026-06-13 06:35:16,297 [INFO] main: --- Fine ciclo di scansione ---
2026-06-13 08:36:58,887 [INFO] main: Avvio Pullback EMA Trend Strategy V1.0 | watchlist=20 asset | scan_interval=15min
2026-06-13 08:36:58,887 [INFO] main: Verifica bootstrap storico (solo se necessario)...
2026-06-13 08:36:58,887 [INFO] signal_engine: Bootstrap skip per BTC_USDT 4h (301 candele in cache)
2026-06-13 08:36:58,887 [INFO] signal_engine: Bootstrap skip per BTC_USDT 1h (304 candele in cache)
2026-06-13 08:36:58,888 [INFO] signal_engine: Bootstrap skip per ETH_USDT 4h (301 candele in cache)
2026-06-13 08:36:58,888 [INFO] signal_engine: Bootstrap skip per ETH_USDT 1h (304 candele in cache)
2026-06-13 08:36:58,888 [INFO] signal_engine: Bootstrap skip per SOL_USDT 4h (301 candele in cache)
2026-06-13 08:36:58,888 [INFO] signal_engine: Bootstrap skip per SOL_USDT 1h (304 candele in cache)
2026-06-13 08:36:58,888 [INFO] signal_engine: Bootstrap in corso: BNB_USDT 4h ...
2026-06-13 08:36:59,296 [WARNING] signal_engine: Bootstrap fallito per BNB_USDT 4h, asset SKIPPATO (probabilmente non listato sull'exchange): 400 Client Error: Bad Request for url: https://api.crypto.com/exchange/v1/public/get-candlestick?instrument_name=BNB_USDT&timeframe=4h&count=300
2026-06-13 08:36:59,297 [INFO] signal_engine: Bootstrap in corso: BNB_USDT 1h ...
2026-06-13 08:36:59,553 [WARNING] signal_engine: Bootstrap fallito per BNB_USDT 1h, asset SKIPPATO (probabilmente non listato sull'exchange): 400 Client Error: Bad Request for url: https://api.crypto.com/exchange/v1/public/get-candlestick?instrument_name=BNB_USDT&timeframe=1h&count=300
2026-06-13 08:36:59,555 [INFO] signal_engine: Bootstrap skip per LINK_USDT 4h (301 candele in cache)
2026-06-13 08:36:59,555 [INFO] signal_engine: Bootstrap skip per LINK_USDT 1h (304 candele in cache)
2026-06-13 08:36:59,555 [INFO] signal_engine: Bootstrap skip per AVAX_USDT 4h (301 candele in cache)
2026-06-13 08:36:59,555 [INFO] signal_engine: Bootstrap skip per AVAX_USDT 1h (304 candele in cache)
2026-06-13 08:36:59,555 [INFO] signal_engine: Bootstrap skip per ADA_USDT 4h (301 candele in cache)
2026-06-13 08:36:59,555 [INFO] signal_engine: Bootstrap skip per ADA_USDT 1h (304 candele in cache)
2026-06-13 08:36:59,555 [INFO] signal_engine: Bootstrap skip per XRP_USDT 4h (301 candele in cache)
2026-06-13 08:36:59,555 [INFO] signal_engine: Bootstrap skip per XRP_USDT 1h (304 candele in cache)
2026-06-13 08:36:59,555 [INFO] signal_engine: Bootstrap skip per DOGE_USDT 4h (301 candele in cache)
2026-06-13 08:36:59,556 [INFO] signal_engine: Bootstrap skip per DOGE_USDT 1h (304 candele in cache)
2026-06-13 08:36:59,556 [INFO] signal_engine: Bootstrap skip per TON_USDT 4h (301 candele in cache)
2026-06-13 08:36:59,556 [INFO] signal_engine: Bootstrap skip per TON_USDT 1h (304 candele in cache)
2026-06-13 08:36:59,556 [INFO] signal_engine: Bootstrap skip per SUI_USDT 4h (301 candele in cache)
2026-06-13 08:36:59,556 [INFO] signal_engine: Bootstrap skip per SUI_USDT 1h (304 candele in cache)
2026-06-13 08:36:59,556 [INFO] signal_engine: Bootstrap skip per NEAR_USDT 4h (301 candele in cache)
2026-06-13 08:36:59,556 [INFO] signal_engine: Bootstrap skip per NEAR_USDT 1h (304 candele in cache)
2026-06-13 08:36:59,557 [INFO] signal_engine: Bootstrap skip per LTC_USDT 4h (301 candele in cache)
2026-06-13 08:36:59,557 [INFO] signal_engine: Bootstrap skip per LTC_USDT 1h (304 candele in cache)
2026-06-13 08:36:59,557 [INFO] signal_engine: Bootstrap skip per DOT_USDT 4h (301 candele in cache)
2026-06-13 08:36:59,557 [INFO] signal_engine: Bootstrap skip per DOT_USDT 1h (304 candele in cache)
2026-06-13 08:36:59,557 [INFO] signal_engine: Bootstrap skip per ATOM_USDT 4h (301 candele in cache)
2026-06-13 08:36:59,557 [INFO] signal_engine: Bootstrap skip per ATOM_USDT 1h (304 candele in cache)
2026-06-13 08:36:59,557 [INFO] signal_engine: Bootstrap skip per APT_USDT 4h (301 candele in cache)
2026-06-13 08:36:59,557 [INFO] signal_engine: Bootstrap skip per APT_USDT 1h (304 candele in cache)
2026-06-13 08:36:59,557 [INFO] signal_engine: Bootstrap skip per ARB_USDT 4h (301 candele in cache)
2026-06-13 08:36:59,557 [INFO] signal_engine: Bootstrap skip per ARB_USDT 1h (304 candele in cache)
2026-06-13 08:36:59,558 [INFO] signal_engine: Bootstrap skip per OP_USDT 4h (301 candele in cache)
2026-06-13 08:36:59,558 [INFO] signal_engine: Bootstrap skip per OP_USDT 1h (304 candele in cache)
2026-06-13 08:36:59,558 [INFO] signal_engine: Bootstrap skip per BCH_USDT 4h (301 candele in cache)
2026-06-13 08:36:59,558 [INFO] signal_engine: Bootstrap skip per BCH_USDT 1h (304 candele in cache)
2026-06-13 08:36:59,558 [INFO] signal_engine: Bootstrap skip per ETC_USDT 4h (301 candele in cache)
2026-06-13 08:36:59,558 [INFO] signal_engine: Bootstrap skip per ETC_USDT 1h (304 candele in cache)
2026-06-13 08:36:59,558 [INFO] main: Bootstrap completato.
2026-06-13 08:36:59,558 [INFO] main: --- Inizio ciclo di scansione ---
2026-06-13 08:37:01,637 [INFO] signal_engine: Nuova candela H1 per BTC_USDT: 2 nuove candele
2026-06-13 08:37:03,704 [INFO] signal_engine: Nuova candela H1 per ETH_USDT: 2 nuove candele
2026-06-13 08:37:06,083 [INFO] signal_engine: Nuova candela H1 per SOL_USDT: 2 nuove candele
2026-06-13 08:37:06,348 [WARNING] signal_engine: Update candele fallito per BNB_USDT, asset SKIPPATO: 400 Client Error: Bad Request for url: https://api.crypto.com/exchange/v1/public/get-candlestick?instrument_name=BNB_USDT&timeframe=4h&count=300
2026-06-13 08:37:08,418 [INFO] signal_engine: Nuova candela H1 per LINK_USDT: 2 nuove candele
2026-06-13 08:37:10,559 [INFO] signal_engine: Nuova candela H1 per AVAX_USDT: 2 nuove candele
2026-06-13 08:37:12,656 [INFO] signal_engine: Nuova candela H1 per ADA_USDT: 2 nuove candele
2026-06-13 08:37:14,709 [INFO] signal_engine: Nuova candela H1 per XRP_USDT: 2 nuove candele
2026-06-13 08:37:16,773 [INFO] signal_engine: Nuova candela H1 per DOGE_USDT: 2 nuove candele
2026-06-13 08:37:18,820 [INFO] signal_engine: Nuova candela H1 per TON_USDT: 2 nuove candele
2026-06-13 08:37:20,927 [INFO] signal_engine: Nuova candela H1 per SUI_USDT: 2 nuove candele
2026-06-13 08:37:22,990 [INFO] signal_engine: Nuova candela H1 per NEAR_USDT: 2 nuove candele
2026-06-13 08:37:25,116 [INFO] signal_engine: Nuova candela H1 per LTC_USDT: 2 nuove candele
2026-06-13 08:37:27,169 [INFO] signal_engine: Nuova candela H1 per DOT_USDT: 2 nuove candele
2026-06-13 08:37:29,239 [INFO] signal_engine: Nuova candela H1 per ATOM_USDT: 2 nuove candele
2026-06-13 08:37:31,308 [INFO] signal_engine: Nuova candela H1 per APT_USDT: 2 nuove candele
2026-06-13 08:37:33,401 [INFO] signal_engine: Nuova candela H1 per ARB_USDT: 2 nuove candele
2026-06-13 08:37:35,486 [INFO] signal_engine: Nuova candela H1 per OP_USDT: 2 nuove candele
2026-06-13 08:37:37,566 [INFO] signal_engine: Nuova candela H1 per BCH_USDT: 2 nuove candele
2026-06-13 08:37:39,677 [INFO] signal_engine: Nuova candela H1 per ETC_USDT: 2 nuove candele
2026-06-13 08:37:39,693 [INFO] main: --- Fine ciclo di scansione ---
2026-06-13 08:40:37,559 [INFO] main: Avvio Pullback EMA Trend Strategy V1.0 | watchlist=20 asset | scan_interval=15min
2026-06-13 08:40:37,560 [INFO] main: Modalita' TEST ALERT attiva: invio messaggio di test e termino.
2026-06-13 08:40:38,143 [INFO] main: Test alert inviato: True
2026-06-13 08:51:27,204 [INFO] main: Avvio Pullback EMA Trend Strategy V1.0 | watchlist=20 asset | scan_interval=15min
2026-06-13 08:51:27,205 [INFO] main: Verifica bootstrap storico (solo se necessario)...
2026-06-13 08:51:27,205 [INFO] signal_engine: Bootstrap skip per BTC_USDT 4h (302 candele in cache)
2026-06-13 08:51:27,205 [INFO] signal_engine: Bootstrap skip per BTC_USDT 1h (306 candele in cache)
2026-06-13 08:51:27,205 [INFO] signal_engine: Bootstrap skip per ETH_USDT 4h (302 candele in cache)
2026-06-13 08:51:27,205 [INFO] signal_engine: Bootstrap skip per ETH_USDT 1h (306 candele in cache)
2026-06-13 08:51:27,205 [INFO] signal_engine: Bootstrap skip per SOL_USDT 4h (302 candele in cache)
2026-06-13 08:51:27,206 [INFO] signal_engine: Bootstrap skip per SOL_USDT 1h (306 candele in cache)
2026-06-13 08:51:27,206 [INFO] signal_engine: Bootstrap in corso: BNB_USDT 4h ...
2026-06-13 08:51:27,450 [WARNING] signal_engine: Bootstrap fallito per BNB_USDT 4h, asset SKIPPATO (probabilmente non listato sull'exchange): 400 Client Error: Bad Request for url: https://api.crypto.com/exchange/v1/public/get-candlestick?instrument_name=BNB_USDT&timeframe=4h&count=300
2026-06-13 08:51:27,451 [INFO] signal_engine: Bootstrap in corso: BNB_USDT 1h ...
2026-06-13 08:51:27,662 [WARNING] signal_engine: Bootstrap fallito per BNB_USDT 1h, asset SKIPPATO (probabilmente non listato sull'exchange): 400 Client Error: Bad Request for url: https://api.crypto.com/exchange/v1/public/get-candlestick?instrument_name=BNB_USDT&timeframe=1h&count=300
2026-06-13 08:51:27,663 [INFO] signal_engine: Bootstrap skip per LINK_USDT 4h (302 candele in cache)
2026-06-13 08:51:27,663 [INFO] signal_engine: Bootstrap skip per LINK_USDT 1h (306 candele in cache)
2026-06-13 08:51:27,663 [INFO] signal_engine: Bootstrap skip per AVAX_USDT 4h (302 candele in cache)
2026-06-13 08:51:27,663 [INFO] signal_engine: Bootstrap skip per AVAX_USDT 1h (306 candele in cache)
2026-06-13 08:51:27,664 [INFO] signal_engine: Bootstrap skip per ADA_USDT 4h (302 candele in cache)
2026-06-13 08:51:27,664 [INFO] signal_engine: Bootstrap skip per ADA_USDT 1h (306 candele in cache)
2026-06-13 08:51:27,664 [INFO] signal_engine: Bootstrap skip per XRP_USDT 4h (302 candele in cache)
2026-06-13 08:51:27,664 [INFO] signal_engine: Bootstrap skip per XRP_USDT 1h (306 candele in cache)
2026-06-13 08:51:27,664 [INFO] signal_engine: Bootstrap skip per DOGE_USDT 4h (302 candele in cache)
2026-06-13 08:51:27,664 [INFO] signal_engine: Bootstrap skip per DOGE_USDT 1h (306 candele in cache)
2026-06-13 08:51:27,664 [INFO] signal_engine: Bootstrap skip per TON_USDT 4h (302 candele in cache)
2026-06-13 08:51:27,664 [INFO] signal_engine: Bootstrap skip per TON_USDT 1h (306 candele in cache)
2026-06-13 08:51:27,664 [INFO] signal_engine: Bootstrap skip per SUI_USDT 4h (302 candele in cache)
2026-06-13 08:51:27,664 [INFO] signal_engine: Bootstrap skip per SUI_USDT 1h (306 candele in cache)
2026-06-13 08:51:27,665 [INFO] signal_engine: Bootstrap skip per NEAR_USDT 4h (302 candele in cache)
2026-06-13 08:51:27,665 [INFO] signal_engine: Bootstrap skip per NEAR_USDT 1h (306 candele in cache)
2026-06-13 08:51:27,665 [INFO] signal_engine: Bootstrap skip per LTC_USDT 4h (302 candele in cache)
2026-06-13 08:51:27,665 [INFO] signal_engine: Bootstrap skip per LTC_USDT 1h (306 candele in cache)
2026-06-13 08:51:27,665 [INFO] signal_engine: Bootstrap skip per DOT_USDT 4h (302 candele in cache)
2026-06-13 08:51:27,665 [INFO] signal_engine: Bootstrap skip per DOT_USDT 1h (306 candele in cache)
2026-06-13 08:51:27,665 [INFO] signal_engine: Bootstrap skip per ATOM_USDT 4h (302 candele in cache)
2026-06-13 08:51:27,665 [INFO] signal_engine: Bootstrap skip per ATOM_USDT 1h (306 candele in cache)
2026-06-13 08:51:27,665 [INFO] signal_engine: Bootstrap skip per APT_USDT 4h (302 candele in cache)
2026-06-13 08:51:27,666 [INFO] signal_engine: Bootstrap skip per APT_USDT 1h (306 candele in cache)
2026-06-13 08:51:27,666 [INFO] signal_engine: Bootstrap skip per ARB_USDT 4h (302 candele in cache)
2026-06-13 08:51:27,666 [INFO] signal_engine: Bootstrap skip per ARB_USDT 1h (306 candele in cache)
2026-06-13 08:51:27,666 [INFO] signal_engine: Bootstrap skip per OP_USDT 4h (302 candele in cache)
2026-06-13 08:51:27,666 [INFO] signal_engine: Bootstrap skip per OP_USDT 1h (306 candele in cache)
2026-06-13 08:51:27,666 [INFO] signal_engine: Bootstrap skip per BCH_USDT 4h (302 candele in cache)
2026-06-13 08:51:27,666 [INFO] signal_engine: Bootstrap skip per BCH_USDT 1h (306 candele in cache)
2026-06-13 08:51:27,666 [INFO] signal_engine: Bootstrap skip per ETC_USDT 4h (302 candele in cache)
2026-06-13 08:51:27,666 [INFO] signal_engine: Bootstrap skip per ETC_USDT 1h (306 candele in cache)
2026-06-13 08:51:27,666 [INFO] main: Bootstrap completato.
2026-06-13 08:51:27,666 [INFO] main: --- Inizio ciclo di scansione ---
2026-06-13 08:51:29,586 [INFO] signal_engine: Check BTC_USDT: +0 candele H1, +0 candele H4
2026-06-13 08:51:31,540 [INFO] signal_engine: Check ETH_USDT: +0 candele H1, +0 candele H4
2026-06-13 08:51:33,768 [INFO] signal_engine: Check SOL_USDT: +0 candele H1, +0 candele H4
2026-06-13 08:51:33,999 [WARNING] signal_engine: Update candele fallito per BNB_USDT, asset SKIPPATO: 400 Client Error: Bad Request for url: https://api.crypto.com/exchange/v1/public/get-candlestick?instrument_name=BNB_USDT&timeframe=4h&count=300
2026-06-13 08:51:36,242 [INFO] signal_engine: Check LINK_USDT: +0 candele H1, +0 candele H4
2026-06-13 08:51:38,144 [INFO] signal_engine: Check AVAX_USDT: +0 candele H1, +0 candele H4
2026-06-13 08:51:40,049 [INFO] signal_engine: Check ADA_USDT: +0 candele H1, +0 candele H4
2026-06-13 08:51:41,981 [INFO] signal_engine: Check XRP_USDT: +0 candele H1, +0 candele H4
2026-06-13 08:51:43,958 [INFO] signal_engine: Check DOGE_USDT: +0 candele H1, +0 candele H4
2026-06-13 08:51:45,873 [INFO] signal_engine: Check TON_USDT: +0 candele H1, +0 candele H4
2026-06-13 08:51:47,802 [INFO] signal_engine: Check SUI_USDT: +0 candele H1, +0 candele H4
2026-06-13 08:51:49,703 [INFO] signal_engine: Check NEAR_USDT: +0 candele H1, +0 candele H4
2026-06-13 08:51:51,756 [INFO] signal_engine: Check LTC_USDT: +0 candele H1, +0 candele H4
2026-06-13 08:51:53,692 [INFO] signal_engine: Check DOT_USDT: +0 candele H1, +0 candele H4
2026-06-13 08:51:55,603 [INFO] signal_engine: Check ATOM_USDT: +0 candele H1, +0 candele H4
2026-06-13 08:51:57,567 [INFO] signal_engine: Check APT_USDT: +0 candele H1, +0 candele H4
2026-06-13 08:51:59,498 [INFO] signal_engine: Check ARB_USDT: +0 candele H1, +0 candele H4
2026-06-13 08:52:01,423 [INFO] signal_engine: Check OP_USDT: +0 candele H1, +0 candele H4
2026-06-13 08:52:03,351 [INFO] signal_engine: Check BCH_USDT: +0 candele H1, +0 candele H4
2026-06-13 08:52:05,318 [INFO] signal_engine: Check ETC_USDT: +0 candele H1, +0 candele H4
2026-06-13 08:52:05,319 [INFO] main: --- Fine ciclo di scansione ---
